# JRE version: OpenJDK Runtime Environment (8.0_242-b01) (build 1.8.0_242-release-1644-b01)
# Java VM: OpenJDK 64-Bit Server VM (25.242-b01 mixed mode windows-amd64 compressed oops)
Heap:
 PSYoungGen      total 333312K, used 57058K [0x00000000e0000000, 0x00000000f6480000, 0x0000000100000000)
  eden space 318464K, 17% used [0x00000000e0000000,0x00000000e37b8af0,0x00000000f3700000)
  from space 14848K, 0% used [0x00000000f5600000,0x00000000f5600000,0x00000000f6480000)
  to   space 23040K, 0% used [0x00000000f3780000,0x00000000f3780000,0x00000000f4e00000)
 ParOldGen       total 103424K, used 74528K [0x00000000a0000000, 0x00000000a6500000, 0x00000000e0000000)
  object space 103424K, 72% used [0x00000000a0000000,0x00000000a48c8398,0x00000000a6500000)
 Metaspace       used 91979K, capacity 96056K, committed 101016K, reserved 1136640K
  class space    used 12497K, capacity 13292K, committed 14512K, reserved 1048576K
GC Heap History (10 events):
Event: 14.683 GC heap before
{Heap before GC invocations=16 (full 3):
 PSYoungGen      total 271360K, used 266696K [0x00000000e0000000, 0x00000000f2180000, 0x0000000100000000)
  eden space 249344K, 100% used [0x00000000e0000000,0x00000000ef380000,0x00000000ef380000)
  from space 22016K, 78% used [0x00000000f0a80000,0x00000000f1b720a0,0x00000000f2000000)
  to   space 23552K, 0% used [0x00000000ef380000,0x00000000ef380000,0x00000000f0a80000)
 ParOldGen       total 103424K, used 39835K [0x00000000a0000000, 0x00000000a6500000, 0x00000000e0000000)
  object space 103424K, 38% used [0x00000000a0000000,0x00000000a26e6ec8,0x00000000a6500000)
 Metaspace       used 67279K, capacity 71224K, committed 71448K, reserved 1110016K
  class space    used 9236K, capacity 9978K, committed 10032K, reserved 1048576K
Event: 14.702 GC heap after
Heap after GC invocations=16 (full 3):
 PSYoungGen      total 272896K, used 10760K [0x00000000e0000000, 0x00000000f6c00000, 0x0000000100000000)
  eden space 249344K, 0% used [0x00000000e0000000,0x00000000e0000000,0x00000000ef380000)
  from space 23552K, 45% used [0x00000000ef380000,0x00000000efe02180,0x00000000f0a80000)
  to   space 22528K, 0% used [0x00000000f5600000,0x00000000f5600000,0x00000000f6c00000)
 ParOldGen       total 103424K, used 52442K [0x00000000a0000000, 0x00000000a6500000, 0x00000000e0000000)
  object space 103424K, 50% used [0x00000000a0000000,0x00000000a3336a28,0x00000000a6500000)
 Metaspace       used 67279K, capacity 71224K, committed 71448K, reserved 1110016K
  class space    used 9236K, capacity 9978K, committed 10032K, reserved 1048576K
}
Event: 21.074 GC heap before
{Heap before GC invocations=17 (full 3):
 PSYoungGen      total 272896K, used 260104K [0x00000000e0000000, 0x00000000f6c00000, 0x0000000100000000)
  eden space 249344K, 100% used [0x00000000e0000000,0x00000000ef380000,0x00000000ef380000)
  from space 23552K, 45% used [0x00000000ef380000,0x00000000efe02180,0x00000000f0a80000)
  to   space 22528K, 0% used [0x00000000f5600000,0x00000000f5600000,0x00000000f6c00000)
 ParOldGen       total 103424K, used 52442K [0x00000000a0000000, 0x00000000a6500000, 0x00000000e0000000)
  object space 103424K, 50% used [0x00000000a0000000,0x00000000a3336a28,0x00000000a6500000)
 Metaspace       used 71528K, capacity 75808K, committed 76056K, reserved 1114112K
  class space    used 9764K, capacity 10542K, committed 10544K, reserved 1048576K
Event: 21.100 GC heap after
Heap after GC invocations=17 (full 3):
 PSYoungGen      total 333312K, used 14477K [0x00000000e0000000, 0x00000000f6480000, 0x0000000100000000)
  eden space 318464K, 0% used [0x00000000e0000000,0x00000000e0000000,0x00000000f3700000)
  from space 14848K, 97% used [0x00000000f5600000,0x00000000f64235a0,0x00000000f6480000)
  to   space 23040K, 0% used [0x00000000f3780000,0x00000000f3780000,0x00000000f4e00000)
 ParOldGen       total 103424K, used 60450K [0x00000000a0000000, 0x00000000a6500000, 0x00000000e0000000)
  object space 103424K, 58% used [0x00000000a0000000,0x00000000a3b089d8,0x00000000a6500000)
 Metaspace       used 71528K, capacity 75808K, committed 76056K, reserved 1114112K
  class space    used 9764K, capacity 10542K, committed 10544K, reserved 1048576K
}
Event: 36.867 GC heap before
{Heap before GC invocations=18 (full 3):
 PSYoungGen      total 333312K, used 332941K [0x00000000e0000000, 0x00000000f6480000, 0x0000000100000000)
  eden space 318464K, 100% used [0x00000000e0000000,0x00000000f3700000,0x00000000f3700000)
  from space 14848K, 97% used [0x00000000f5600000,0x00000000f64235a0,0x00000000f6480000)
  to   space 23040K, 0% used [0x00000000f3780000,0x00000000f3780000,0x00000000f4e00000)
 ParOldGen       total 103424K, used 60450K [0x00000000a0000000, 0x00000000a6500000, 0x00000000e0000000)
  object space 103424K, 58% used [0x00000000a0000000,0x00000000a3b089d8,0x00000000a6500000)
 Metaspace       used 83916K, capacity 89292K, committed 89624K, reserved 1126400K
  class space    used 11489K, capacity 12480K, committed 12592K, reserved 1048576K
Event: 36.898 GC heap after
Heap after GC invocations=18 (full 3):
 PSYoungGen      total 341504K, used 23022K [0x00000000e0000000, 0x00000000f6480000, 0x0000000100000000)
  eden space 318464K, 0% used [0x00000000e0000000,0x00000000e0000000,0x00000000f3700000)
  from space 23040K, 99% used [0x00000000f3780000,0x00000000f4dfb950,0x00000000f4e00000)
  to   space 14848K, 0% used [0x00000000f5600000,0x00000000f5600000,0x00000000f6480000)
 ParOldGen       total 103424K, used 73831K [0x00000000a0000000, 0x00000000a6500000, 0x00000000e0000000)
  object space 103424K, 71% used [0x00000000a0000000,0x00000000a4819f10,0x00000000a6500000)
 Metaspace       used 83916K, capacity 89292K, committed 89624K, reserved 1126400K
  class space    used 11489K, capacity 12480K, committed 12592K, reserved 1048576K
}
Event: 38.631 GC heap before
{Heap before GC invocations=19 (full 3):
 PSYoungGen      total 341504K, used 238492K [0x00000000e0000000, 0x00000000f6480000, 0x0000000100000000)
  eden space 318464K, 67% used [0x00000000e0000000,0x00000000ed26ba78,0x00000000f3700000)
  from space 23040K, 99% used [0x00000000f3780000,0x00000000f4dfb950,0x00000000f4e00000)
  to   space 14848K, 0% used [0x00000000f5600000,0x00000000f5600000,0x00000000f6480000)
 ParOldGen       total 103424K, used 73831K [0x00000000a0000000, 0x00000000a6500000, 0x00000000e0000000)
  object space 103424K, 71% used [0x00000000a0000000,0x00000000a4819f10,0x00000000a6500000)
 Metaspace       used 91411K, capacity 98510K, committed 98584K, reserved 1134592K
  class space    used 12741K, capacity 14083K, committed 14128K, reserved 1048576K
Event: 38.653 GC heap after
Heap after GC invocations=19 (full 3):
 PSYoungGen      total 333312K, used 6334K [0x00000000e0000000, 0x00000000f6480000, 0x0000000100000000)
  eden space 318464K, 0% used [0x00000000e0000000,0x00000000e0000000,0x00000000f3700000)
  from space 14848K, 42% used [0x00000000f5600000,0x00000000f5c2fb30,0x00000000f6480000)
  to   space 23040K, 0% used [0x00000000f3780000,0x00000000f3780000,0x00000000f4e00000)
 ParOldGen       total 103424K, used 91883K [0x00000000a0000000, 0x00000000a6500000, 0x00000000e0000000)
  object space 103424K, 88% used [0x00000000a0000000,0x00000000a59bac20,0x00000000a6500000)
 Metaspace       used 91411K, capacity 98510K, committed 98584K, reserved 1134592K
  class space    used 12741K, capacity 14083K, committed 14128K, reserved 1048576K
}
Event: 38.653 GC heap before
{Heap before GC invocations=20 (full 4):
 PSYoungGen      total 333312K, used 6334K [0x00000000e0000000, 0x00000000f6480000, 0x0000000100000000)
  eden space 318464K, 0% used [0x00000000e0000000,0x00000000e0000000,0x00000000f3700000)
  from space 14848K, 42% used [0x00000000f5600000,0x00000000f5c2fb30,0x00000000f6480000)
  to   space 23040K, 0% used [0x00000000f3780000,0x00000000f3780000,0x00000000f4e00000)
 ParOldGen       total 103424K, used 91883K [0x00000000a0000000, 0x00000000a6500000, 0x00000000e0000000)
  object space 103424K, 88% used [0x00000000a0000000,0x00000000a59bac20,0x00000000a6500000)
 Metaspace       used 91411K, capacity 98510K, committed 98584K, reserved 1134592K
  class space    used 12741K, capacity 14083K, committed 14128K, reserved 1048576K
Event: 38.844 GC heap after
Heap after GC invocations=20 (full 4):
 PSYoungGen      total 333312K, used 0K [0x00000000e0000000, 0x00000000f6480000, 0x0000000100000000)
  eden space 318464K, 0% used [0x00000000e0000000,0x00000000e0000000,0x00000000f3700000)
  from space 14848K, 0% used [0x00000000f5600000,0x00000000f5600000,0x00000000f6480000)
  to   space 23040K, 0% used [0x00000000f3780000,0x00000000f3780000,0x00000000f4e00000)
 ParOldGen       total 103424K, used 74528K [0x00000000a0000000, 0x00000000a6500000, 0x00000000e0000000)
  object space 103424K, 72% used [0x00000000a0000000,0x00000000a48c8398,0x00000000a6500000)
 Metaspace       used 89441K, capacity 93352K, committed 98584K, reserved 1134592K
  class space    used 12062K, capacity 12874K, committed 14128K, reserved 1048576K
}

