# JRE version: OpenJDK Runtime Environment (8.0_242-b01) (build 1.8.0_242-release-1644-b01)
# Java VM: OpenJDK 64-Bit Server VM (25.242-b01 mixed mode windows-amd64 compressed oops)
Heap:
 PSYoungGen      total 137728K, used 38513K [0x00000000e0000000, 0x00000000ecf00000, 0x0000000100000000)
  eden space 126464K, 30% used [0x00000000e0000000,0x00000000e259c720,0x00000000e7b80000)
  from space 11264K, 0% used [0x00000000e7b80000,0x00000000e7b80000,0x00000000e8680000)
  to   space 13312K, 0% used [0x00000000ec200000,0x00000000ec200000,0x00000000ecf00000)
 ParOldGen       total 47104K, used 18608K [0x00000000a0000000, 0x00000000a2e00000, 0x00000000e0000000)
  object space 47104K, 39% used [0x00000000a0000000,0x00000000a122c178,0x00000000a2e00000)
 Metaspace       used 35956K, capacity 37236K, committed 37296K, reserved 1081344K
  class space    used 4948K, capacity 5261K, committed 5296K, reserved 1048576K
GC Heap History (10 events):
Event: 2.167 GC heap before
{Heap before GC invocations=7 (full 0):
 PSYoungGen      total 74752K, used 10612K [0x00000000e0000000, 0x00000000e5600000, 0x0000000100000000)
  eden space 64512K, 3% used [0x00000000e0000000,0x00000000e01eae88,0x00000000e3f00000)
  from space 10240K, 84% used [0x00000000e4a00000,0x00000000e5272500,0x00000000e5400000)
  to   space 11264K, 0% used [0x00000000e3f00000,0x00000000e3f00000,0x00000000e4a00000)
 ParOldGen       total 86016K, used 7107K [0x00000000a0000000, 0x00000000a5400000, 0x00000000e0000000)
  object space 86016K, 8% used [0x00000000a0000000,0x00000000a06f0d00,0x00000000a5400000)
 Metaspace       used 20644K, capacity 21244K, committed 21296K, reserved 1067008K
  class space    used 2895K, capacity 3116K, committed 3120K, reserved 1048576K
Event: 2.170 GC heap after
Heap after GC invocations=7 (full 0):
 PSYoungGen      total 75776K, used 4164K [0x00000000e0000000, 0x00000000e9400000, 0x0000000100000000)
  eden space 64512K, 0% used [0x00000000e0000000,0x00000000e0000000,0x00000000e3f00000)
  from space 11264K, 36% used [0x00000000e3f00000,0x00000000e4311050,0x00000000e4a00000)
  to   space 11264K, 0% used [0x00000000e8900000,0x00000000e8900000,0x00000000e9400000)
 ParOldGen       total 86016K, used 9395K [0x00000000a0000000, 0x00000000a5400000, 0x00000000e0000000)
  object space 86016K, 10% used [0x00000000a0000000,0x00000000a092cd70,0x00000000a5400000)
 Metaspace       used 20644K, capacity 21244K, committed 21296K, reserved 1067008K
  class space    used 2895K, capacity 3116K, committed 3120K, reserved 1048576K
}
Event: 2.170 GC heap before
{Heap before GC invocations=8 (full 1):
 PSYoungGen      total 75776K, used 4164K [0x00000000e0000000, 0x00000000e9400000, 0x0000000100000000)
  eden space 64512K, 0% used [0x00000000e0000000,0x00000000e0000000,0x00000000e3f00000)
  from space 11264K, 36% used [0x00000000e3f00000,0x00000000e4311050,0x00000000e4a00000)
  to   space 11264K, 0% used [0x00000000e8900000,0x00000000e8900000,0x00000000e9400000)
 ParOldGen       total 86016K, used 9395K [0x00000000a0000000, 0x00000000a5400000, 0x00000000e0000000)
  object space 86016K, 10% used [0x00000000a0000000,0x00000000a092cd70,0x00000000a5400000)
 Metaspace       used 20644K, capacity 21244K, committed 21296K, reserved 1067008K
  class space    used 2895K, capacity 3116K, committed 3120K, reserved 1048576K
Event: 2.191 GC heap after
Heap after GC invocations=8 (full 1):
 PSYoungGen      total 75776K, used 0K [0x00000000e0000000, 0x00000000e9400000, 0x0000000100000000)
  eden space 64512K, 0% used [0x00000000e0000000,0x00000000e0000000,0x00000000e3f00000)
  from space 11264K, 0% used [0x00000000e3f00000,0x00000000e3f00000,0x00000000e4a00000)
  to   space 11264K, 0% used [0x00000000e8900000,0x00000000e8900000,0x00000000e9400000)
 ParOldGen       total 47104K, used 6975K [0x00000000a0000000, 0x00000000a2e00000, 0x00000000e0000000)
  object space 47104K, 14% used [0x00000000a0000000,0x00000000a06cffa0,0x00000000a2e00000)
 Metaspace       used 20644K, capacity 21244K, committed 21296K, reserved 1067008K
  class space    used 2895K, capacity 3116K, committed 3120K, reserved 1048576K
}
Event: 2.592 GC heap before
{Heap before GC invocations=9 (full 1):
 PSYoungGen      total 75776K, used 64512K [0x00000000e0000000, 0x00000000e9400000, 0x0000000100000000)
  eden space 64512K, 100% used [0x00000000e0000000,0x00000000e3f00000,0x00000000e3f00000)
  from space 11264K, 0% used [0x00000000e3f00000,0x00000000e3f00000,0x00000000e4a00000)
  to   space 11264K, 0% used [0x00000000e8900000,0x00000000e8900000,0x00000000e9400000)
 ParOldGen       total 47104K, used 6975K [0x00000000a0000000, 0x00000000a2e00000, 0x00000000e0000000)
  object space 47104K, 14% used [0x00000000a0000000,0x00000000a06cffa0,0x00000000a2e00000)
 Metaspace       used 28232K, capacity 28900K, committed 29232K, reserved 1075200K
  class space    used 3897K, capacity 4127K, committed 4144K, reserved 1048576K
Event: 2.598 GC heap after
Heap after GC invocations=9 (full 1):
 PSYoungGen      total 130560K, used 8285K [0x00000000e0000000, 0x00000000e9180000, 0x0000000100000000)
  eden space 121856K, 0% used [0x00000000e0000000,0x00000000e0000000,0x00000000e7700000)
  from space 8704K, 95% used [0x00000000e8900000,0x00000000e9117508,0x00000000e9180000)
  to   space 11264K, 0% used [0x00000000e7b80000,0x00000000e7b80000,0x00000000e8680000)
 ParOldGen       total 47104K, used 6983K [0x00000000a0000000, 0x00000000a2e00000, 0x00000000e0000000)
  object space 47104K, 14% used [0x00000000a0000000,0x00000000a06d1fa0,0x00000000a2e00000)
 Metaspace       used 28232K, capacity 28900K, committed 29232K, reserved 1075200K
  class space    used 3897K, capacity 4127K, committed 4144K, reserved 1048576K
}
Event: 3.176 GC heap before
{Heap before GC invocations=10 (full 1):
 PSYoungGen      total 130560K, used 121639K [0x00000000e0000000, 0x00000000e9180000, 0x0000000100000000)
  eden space 121856K, 93% used [0x00000000e0000000,0x00000000e6eb2ac0,0x00000000e7700000)
  from space 8704K, 95% used [0x00000000e8900000,0x00000000e9117508,0x00000000e9180000)
  to   space 11264K, 0% used [0x00000000e7b80000,0x00000000e7b80000,0x00000000e8680000)
 ParOldGen       total 47104K, used 6983K [0x00000000a0000000, 0x00000000a2e00000, 0x00000000e0000000)
  object space 47104K, 14% used [0x00000000a0000000,0x00000000a06d1fa0,0x00000000a2e00000)
 Metaspace       used 34513K, capacity 35374K, committed 35496K, reserved 1079296K
  class space    used 4732K, capacity 4970K, committed 5040K, reserved 1048576K
Event: 3.186 GC heap after
Heap after GC invocations=10 (full 1):
 PSYoungGen      total 137728K, used 11262K [0x00000000e0000000, 0x00000000ecf00000, 0x0000000100000000)
  eden space 126464K, 0% used [0x00000000e0000000,0x00000000e0000000,0x00000000e7b80000)
  from space 11264K, 99% used [0x00000000e7b80000,0x00000000e867fa98,0x00000000e8680000)
  to   space 13312K, 0% used [0x00000000ec200000,0x00000000ec200000,0x00000000ecf00000)
 ParOldGen       total 47104K, used 7984K [0x00000000a0000000, 0x00000000a2e00000, 0x00000000e0000000)
  object space 47104K, 16% used [0x00000000a0000000,0x00000000a07cc230,0x00000000a2e00000)
 Metaspace       used 34513K, capacity 35374K, committed 35496K, reserved 1079296K
  class space    used 4732K, capacity 4970K, committed 5040K, reserved 1048576K
}
Event: 3.186 GC heap before
{Heap before GC invocations=11 (full 2):
 PSYoungGen      total 137728K, used 11262K [0x00000000e0000000, 0x00000000ecf00000, 0x0000000100000000)
  eden space 126464K, 0% used [0x00000000e0000000,0x00000000e0000000,0x00000000e7b80000)
  from space 11264K, 99% used [0x00000000e7b80000,0x00000000e867fa98,0x00000000e8680000)
  to   space 13312K, 0% used [0x00000000ec200000,0x00000000ec200000,0x00000000ecf00000)
 ParOldGen       total 47104K, used 7984K [0x00000000a0000000, 0x00000000a2e00000, 0x00000000e0000000)
  object space 47104K, 16% used [0x00000000a0000000,0x00000000a07cc230,0x00000000a2e00000)
 Metaspace       used 34513K, capacity 35374K, committed 35496K, reserved 1079296K
  class space    used 4732K, capacity 4970K, committed 5040K, reserved 1048576K
Event: 3.239 GC heap after
Heap after GC invocations=11 (full 2):
 PSYoungGen      total 137728K, used 0K [0x00000000e0000000, 0x00000000ecf00000, 0x0000000100000000)
  eden space 126464K, 0% used [0x00000000e0000000,0x00000000e0000000,0x00000000e7b80000)
  from space 11264K, 0% used [0x00000000e7b80000,0x00000000e7b80000,0x00000000e8680000)
  to   space 13312K, 0% used [0x00000000ec200000,0x00000000ec200000,0x00000000ecf00000)
 ParOldGen       total 47104K, used 18608K [0x00000000a0000000, 0x00000000a2e00000, 0x00000000e0000000)
  object space 47104K, 39% used [0x00000000a0000000,0x00000000a122c178,0x00000000a2e00000)
 Metaspace       used 34513K, capacity 35374K, committed 35496K, reserved 1079296K
  class space    used 4732K, capacity 4970K, committed 5040K, reserved 1048576K
}

