# JRE version: OpenJDK Runtime Environment (8.0_242-b01) (build 1.8.0_242-release-1644-b01)
# Java VM: OpenJDK 64-Bit Server VM (25.242-b01 mixed mode windows-amd64 compressed oops)
Heap:
 PSYoungGen      total 343552K, used 306374K [0x00000000e0000000, 0x00000000f7980000, 0x0000000100000000)
  eden space 320000K, 94% used [0x00000000e0000000,0x00000000f2604488,0x00000000f3880000)
  from space 23552K, 22% used [0x00000000f6280000,0x00000000f67ad4e0,0x00000000f7980000)
  to   space 33280K, 0% used [0x00000000f3880000,0x00000000f3880000,0x00000000f5900000)
 ParOldGen       total 110592K, used 78645K [0x00000000a0000000, 0x00000000a6c00000, 0x00000000e0000000)
  object space 110592K, 71% used [0x00000000a0000000,0x00000000a4ccd7f8,0x00000000a6c00000)
 Metaspace       used 91065K, capacity 97262K, committed 97560K, reserved 1132544K
  class space    used 12426K, capacity 13540K, committed 13616K, reserved 1048576K
GC Heap History (10 events):
Event: 6.730 GC heap before
{Heap before GC invocations=15 (full 3):
 PSYoungGen      total 196096K, used 180224K [0x00000000e0000000, 0x00000000f0e80000, 0x0000000100000000)
  eden space 180224K, 100% used [0x00000000e0000000,0x00000000eb000000,0x00000000eb000000)
  from space 15872K, 0% used [0x00000000eb000000,0x00000000eb000000,0x00000000ebf80000)
  to   space 22016K, 0% used [0x00000000ef900000,0x00000000ef900000,0x00000000f0e80000)
 ParOldGen       total 110592K, used 39752K [0x00000000a0000000, 0x00000000a6c00000, 0x00000000e0000000)
  object space 110592K, 35% used [0x00000000a0000000,0x00000000a26d22b0,0x00000000a6c00000)
 Metaspace       used 63885K, capacity 67834K, committed 67992K, reserved 1107968K
  class space    used 8872K, capacity 9597K, committed 9648K, reserved 1048576K
Event: 6.748 GC heap after
Heap after GC invocations=15 (full 3):
 PSYoungGen      total 250880K, used 17381K [0x00000000e0000000, 0x00000000f0e80000, 0x0000000100000000)
  eden space 228864K, 0% used [0x00000000e0000000,0x00000000e0000000,0x00000000edf80000)
  from space 22016K, 78% used [0x00000000ef900000,0x00000000f09f95f8,0x00000000f0e80000)
  to   space 24064K, 0% used [0x00000000edf80000,0x00000000edf80000,0x00000000ef700000)
 ParOldGen       total 110592K, used 39760K [0x00000000a0000000, 0x00000000a6c00000, 0x00000000e0000000)
  object space 110592K, 35% used [0x00000000a0000000,0x00000000a26d42b0,0x00000000a6c00000)
 Metaspace       used 63885K, capacity 67834K, committed 67992K, reserved 1107968K
  class space    used 8872K, capacity 9597K, committed 9648K, reserved 1048576K
}
Event: 7.629 GC heap before
{Heap before GC invocations=16 (full 3):
 PSYoungGen      total 250880K, used 246245K [0x00000000e0000000, 0x00000000f0e80000, 0x0000000100000000)
  eden space 228864K, 100% used [0x00000000e0000000,0x00000000edf80000,0x00000000edf80000)
  from space 22016K, 78% used [0x00000000ef900000,0x00000000f09f95f8,0x00000000f0e80000)
  to   space 24064K, 0% used [0x00000000edf80000,0x00000000edf80000,0x00000000ef700000)
 ParOldGen       total 110592K, used 39760K [0x00000000a0000000, 0x00000000a6c00000, 0x00000000e0000000)
  object space 110592K, 35% used [0x00000000a0000000,0x00000000a26d42b0,0x00000000a6c00000)
 Metaspace       used 68342K, capacity 72448K, committed 72728K, reserved 1112064K
  class space    used 9435K, capacity 10188K, committed 10288K, reserved 1048576K
Event: 7.648 GC heap after
Heap after GC invocations=16 (full 3):
 PSYoungGen      total 252928K, used 24033K [0x00000000e0000000, 0x00000000f5080000, 0x0000000100000000)
  eden space 228864K, 0% used [0x00000000e0000000,0x00000000e0000000,0x00000000edf80000)
  from space 24064K, 99% used [0x00000000edf80000,0x00000000ef6f86b0,0x00000000ef700000)
  to   space 28672K, 0% used [0x00000000f3480000,0x00000000f3480000,0x00000000f5080000)
 ParOldGen       total 110592K, used 42877K [0x00000000a0000000, 0x00000000a6c00000, 0x00000000e0000000)
  object space 110592K, 38% used [0x00000000a0000000,0x00000000a29df528,0x00000000a6c00000)
 Metaspace       used 68342K, capacity 72448K, committed 72728K, reserved 1112064K
  class space    used 9435K, capacity 10188K, committed 10288K, reserved 1048576K
}
Event: 20.577 GC heap before
{Heap before GC invocations=17 (full 3):
 PSYoungGen      total 252928K, used 252897K [0x00000000e0000000, 0x00000000f5080000, 0x0000000100000000)
  eden space 228864K, 100% used [0x00000000e0000000,0x00000000edf80000,0x00000000edf80000)
  from space 24064K, 99% used [0x00000000edf80000,0x00000000ef6f86b0,0x00000000ef700000)
  to   space 28672K, 0% used [0x00000000f3480000,0x00000000f3480000,0x00000000f5080000)
 ParOldGen       total 110592K, used 42877K [0x00000000a0000000, 0x00000000a6c00000, 0x00000000e0000000)
  object space 110592K, 38% used [0x00000000a0000000,0x00000000a29df528,0x00000000a6c00000)
 Metaspace       used 80141K, capacity 85456K, committed 85656K, reserved 1122304K
  class space    used 11169K, capacity 12113K, committed 12208K, reserved 1048576K
Event: 20.602 GC heap after
Heap after GC invocations=17 (full 3):
 PSYoungGen      total 299520K, used 17506K [0x00000000e0000000, 0x00000000f4900000, 0x0000000100000000)
  eden space 278528K, 0% used [0x00000000e0000000,0x00000000e0000000,0x00000000f1000000)
  from space 20992K, 83% used [0x00000000f3480000,0x00000000f45989c0,0x00000000f4900000)
  to   space 29184K, 0% used [0x00000000f1000000,0x00000000f1000000,0x00000000f2c80000)
 ParOldGen       total 110592K, used 64790K [0x00000000a0000000, 0x00000000a6c00000, 0x00000000e0000000)
  object space 110592K, 58% used [0x00000000a0000000,0x00000000a3f459f8,0x00000000a6c00000)
 Metaspace       used 80141K, capacity 85456K, committed 85656K, reserved 1122304K
  class space    used 11169K, capacity 12113K, committed 12208K, reserved 1048576K
}
Event: 32.459 GC heap before
{Heap before GC invocations=18 (full 3):
 PSYoungGen      total 299520K, used 296034K [0x00000000e0000000, 0x00000000f4900000, 0x0000000100000000)
  eden space 278528K, 100% used [0x00000000e0000000,0x00000000f1000000,0x00000000f1000000)
  from space 20992K, 83% used [0x00000000f3480000,0x00000000f45989c0,0x00000000f4900000)
  to   space 29184K, 0% used [0x00000000f1000000,0x00000000f1000000,0x00000000f2c80000)
 ParOldGen       total 110592K, used 64790K [0x00000000a0000000, 0x00000000a6c00000, 0x00000000e0000000)
  object space 110592K, 58% used [0x00000000a0000000,0x00000000a3f459f8,0x00000000a6c00000)
 Metaspace       used 88790K, capacity 94744K, committed 95000K, reserved 1130496K
  class space    used 12206K, capacity 13255K, committed 13360K, reserved 1048576K
Event: 32.486 GC heap after
Heap after GC invocations=18 (full 3):
 PSYoungGen      total 307712K, used 29181K [0x00000000e0000000, 0x00000000f8380000, 0x0000000100000000)
  eden space 278528K, 0% used [0x00000000e0000000,0x00000000e0000000,0x00000000f1000000)
  from space 29184K, 99% used [0x00000000f1000000,0x00000000f2c7f798,0x00000000f2c80000)
  to   space 33792K, 0% used [0x00000000f6280000,0x00000000f6280000,0x00000000f8380000)
 ParOldGen       total 110592K, used 65017K [0x00000000a0000000, 0x00000000a6c00000, 0x00000000e0000000)
  object space 110592K, 58% used [0x00000000a0000000,0x00000000a3f7e568,0x00000000a6c00000)
 Metaspace       used 88790K, capacity 94744K, committed 95000K, reserved 1130496K
  class space    used 12206K, capacity 13255K, committed 13360K, reserved 1048576K
}
Event: 135.521 GC heap before
{Heap before GC invocations=19 (full 3):
 PSYoungGen      total 307712K, used 307709K [0x00000000e0000000, 0x00000000f8380000, 0x0000000100000000)
  eden space 278528K, 100% used [0x00000000e0000000,0x00000000f1000000,0x00000000f1000000)
  from space 29184K, 99% used [0x00000000f1000000,0x00000000f2c7f798,0x00000000f2c80000)
  to   space 33792K, 0% used [0x00000000f6280000,0x00000000f6280000,0x00000000f8380000)
 ParOldGen       total 110592K, used 65017K [0x00000000a0000000, 0x00000000a6c00000, 0x00000000e0000000)
  object space 110592K, 58% used [0x00000000a0000000,0x00000000a3f7e568,0x00000000a6c00000)
 Metaspace       used 89640K, capacity 95640K, committed 95768K, reserved 1132544K
  class space    used 12262K, capacity 13323K, committed 13360K, reserved 1048576K
Event: 135.540 GC heap after
Heap after GC invocations=19 (full 3):
 PSYoungGen      total 343552K, used 5301K [0x00000000e0000000, 0x00000000f7980000, 0x0000000100000000)
  eden space 320000K, 0% used [0x00000000e0000000,0x00000000e0000000,0x00000000f3880000)
  from space 23552K, 22% used [0x00000000f6280000,0x00000000f67ad4e0,0x00000000f7980000)
  to   space 33280K, 0% used [0x00000000f3880000,0x00000000f3880000,0x00000000f5900000)
 ParOldGen       total 110592K, used 78645K [0x00000000a0000000, 0x00000000a6c00000, 0x00000000e0000000)
  object space 110592K, 71% used [0x00000000a0000000,0x00000000a4ccd7f8,0x00000000a6c00000)
 Metaspace       used 89640K, capacity 95640K, committed 95768K, reserved 1132544K
  class space    used 12262K, capacity 13323K, committed 13360K, reserved 1048576K
}

