# JRE version: OpenJDK Runtime Environment (8.0_242-b01) (build 1.8.0_242-release-1644-b01)
# Java VM: OpenJDK 64-Bit Server VM (25.242-b01 mixed mode windows-amd64 compressed oops)
Heap:
 PSYoungGen      total 254464K, used 247190K [0x00000000e0000000, 0x00000000f8400000, 0x0000000100000000)
  eden space 231936K, 97% used [0x00000000e0000000,0x00000000edda5ab8,0x00000000ee280000)
  from space 22528K, 89% used [0x00000000ee280000,0x00000000ef63fe68,0x00000000ef880000)
  to   space 25600K, 0% used [0x00000000f6b00000,0x00000000f6b00000,0x00000000f8400000)
 ParOldGen       total 99328K, used 35436K [0x00000000a0000000, 0x00000000a6100000, 0x00000000e0000000)
  object space 99328K, 35% used [0x00000000a0000000,0x00000000a229b2e8,0x00000000a6100000)
 Metaspace       used 71249K, capacity 75496K, committed 75672K, reserved 1114112K
  class space    used 9839K, capacity 10639K, committed 10672K, reserved 1048576K
GC Heap History (10 events):
Event: 4.301 GC heap before
{Heap before GC invocations=12 (full 2):
 PSYoungGen      total 137728K, used 126464K [0x00000000e0000000, 0x00000000ece00000, 0x0000000100000000)
  eden space 126464K, 100% used [0x00000000e0000000,0x00000000e7b80000,0x00000000e7b80000)
  from space 11264K, 0% used [0x00000000e7b80000,0x00000000e7b80000,0x00000000e8680000)
  to   space 13312K, 0% used [0x00000000ec100000,0x00000000ec100000,0x00000000ece00000)
 ParOldGen       total 71168K, used 18488K [0x00000000a0000000, 0x00000000a4580000, 0x00000000e0000000)
  object space 71168K, 25% used [0x00000000a0000000,0x00000000a120e218,0x00000000a4580000)
 Metaspace       used 44511K, capacity 46142K, committed 46384K, reserved 1089536K
  class space    used 6018K, capacity 6377K, committed 6448K, reserved 1048576K
Event: 4.312 GC heap after
Heap after GC invocations=12 (full 2):
 PSYoungGen      total 186880K, used 13286K [0x00000000e0000000, 0x00000000ece00000, 0x0000000100000000)
  eden space 173568K, 0% used [0x00000000e0000000,0x00000000e0000000,0x00000000ea980000)
  from space 13312K, 99% used [0x00000000ec100000,0x00000000ecdf99c8,0x00000000ece00000)
  to   space 15360K, 0% used [0x00000000eb000000,0x00000000eb000000,0x00000000ebf00000)
 ParOldGen       total 71168K, used 20037K [0x00000000a0000000, 0x00000000a4580000, 0x00000000e0000000)
  object space 71168K, 28% used [0x00000000a0000000,0x00000000a1391580,0x00000000a4580000)
 Metaspace       used 44511K, capacity 46142K, committed 46384K, reserved 1089536K
  class space    used 6018K, capacity 6377K, committed 6448K, reserved 1048576K
}
Event: 6.183 GC heap before
{Heap before GC invocations=13 (full 2):
 PSYoungGen      total 186880K, used 186854K [0x00000000e0000000, 0x00000000ece00000, 0x0000000100000000)
  eden space 173568K, 100% used [0x00000000e0000000,0x00000000ea980000,0x00000000ea980000)
  from space 13312K, 99% used [0x00000000ec100000,0x00000000ecdf99c8,0x00000000ece00000)
  to   space 15360K, 0% used [0x00000000eb000000,0x00000000eb000000,0x00000000ebf00000)
 ParOldGen       total 71168K, used 20037K [0x00000000a0000000, 0x00000000a4580000, 0x00000000e0000000)
  object space 71168K, 28% used [0x00000000a0000000,0x00000000a1391580,0x00000000a4580000)
 Metaspace       used 56929K, capacity 59110K, committed 59160K, reserved 1099776K
  class space    used 7706K, capacity 8194K, committed 8240K, reserved 1048576K
Event: 6.206 GC heap after
Heap after GC invocations=13 (full 2):
 PSYoungGen      total 195584K, used 15354K [0x00000000e0000000, 0x00000000f0e00000, 0x0000000100000000)
  eden space 180224K, 0% used [0x00000000e0000000,0x00000000e0000000,0x00000000eb000000)
  from space 15360K, 99% used [0x00000000eb000000,0x00000000ebefe988,0x00000000ebf00000)
  to   space 22016K, 0% used [0x00000000ef880000,0x00000000ef880000,0x00000000f0e00000)
 ParOldGen       total 71168K, used 32469K [0x00000000a0000000, 0x00000000a4580000, 0x00000000e0000000)
  object space 71168K, 45% used [0x00000000a0000000,0x00000000a1fb5420,0x00000000a4580000)
 Metaspace       used 56929K, capacity 59110K, committed 59160K, reserved 1099776K
  class space    used 7706K, capacity 8194K, committed 8240K, reserved 1048576K
}
Event: 6.209 GC heap before
{Heap before GC invocations=14 (full 2):
 PSYoungGen      total 195584K, used 18827K [0x00000000e0000000, 0x00000000f0e00000, 0x0000000100000000)
  eden space 180224K, 1% used [0x00000000e0000000,0x00000000e0364458,0x00000000eb000000)
  from space 15360K, 99% used [0x00000000eb000000,0x00000000ebefe988,0x00000000ebf00000)
  to   space 22016K, 0% used [0x00000000ef880000,0x00000000ef880000,0x00000000f0e00000)
 ParOldGen       total 71168K, used 32469K [0x00000000a0000000, 0x00000000a4580000, 0x00000000e0000000)
  object space 71168K, 45% used [0x00000000a0000000,0x00000000a1fb5420,0x00000000a4580000)
 Metaspace       used 56938K, capacity 59112K, committed 59160K, reserved 1099776K
  class space    used 7708K, capacity 8195K, committed 8240K, reserved 1048576K
Event: 6.219 GC heap after
Heap after GC invocations=14 (full 2):
 PSYoungGen      total 253952K, used 224K [0x00000000e0000000, 0x00000000f3980000, 0x0000000100000000)
  eden space 231936K, 0% used [0x00000000e0000000,0x00000000e0000000,0x00000000ee280000)
  from space 22016K, 1% used [0x00000000ef880000,0x00000000ef8b8000,0x00000000f0e00000)
  to   space 22528K, 0% used [0x00000000ee280000,0x00000000ee280000,0x00000000ef880000)
 ParOldGen       total 71168K, used 43472K [0x00000000a0000000, 0x00000000a4580000, 0x00000000e0000000)
  object space 71168K, 61% used [0x00000000a0000000,0x00000000a2a74050,0x00000000a4580000)
 Metaspace       used 56938K, capacity 59112K, committed 59160K, reserved 1099776K
  class space    used 7708K, capacity 8195K, committed 8240K, reserved 1048576K
}
Event: 6.219 GC heap before
{Heap before GC invocations=15 (full 3):
 PSYoungGen      total 253952K, used 224K [0x00000000e0000000, 0x00000000f3980000, 0x0000000100000000)
  eden space 231936K, 0% used [0x00000000e0000000,0x00000000e0000000,0x00000000ee280000)
  from space 22016K, 1% used [0x00000000ef880000,0x00000000ef8b8000,0x00000000f0e00000)
  to   space 22528K, 0% used [0x00000000ee280000,0x00000000ee280000,0x00000000ef880000)
 ParOldGen       total 71168K, used 43472K [0x00000000a0000000, 0x00000000a4580000, 0x00000000e0000000)
  object space 71168K, 61% used [0x00000000a0000000,0x00000000a2a74050,0x00000000a4580000)
 Metaspace       used 56938K, capacity 59112K, committed 59160K, reserved 1099776K
  class space    used 7708K, capacity 8195K, committed 8240K, reserved 1048576K
Event: 6.363 GC heap after
Heap after GC invocations=15 (full 3):
 PSYoungGen      total 253952K, used 0K [0x00000000e0000000, 0x00000000f3980000, 0x0000000100000000)
  eden space 231936K, 0% used [0x00000000e0000000,0x00000000e0000000,0x00000000ee280000)
  from space 22016K, 0% used [0x00000000ef880000,0x00000000ef880000,0x00000000f0e00000)
  to   space 22528K, 0% used [0x00000000ee280000,0x00000000ee280000,0x00000000ef880000)
 ParOldGen       total 99328K, used 35428K [0x00000000a0000000, 0x00000000a6100000, 0x00000000e0000000)
  object space 99328K, 35% used [0x00000000a0000000,0x00000000a22992e8,0x00000000a6100000)
 Metaspace       used 56886K, capacity 58932K, committed 59160K, reserved 1099776K
  class space    used 7692K, capacity 8165K, committed 8240K, reserved 1048576K
}
Event: 7.858 GC heap before
{Heap before GC invocations=16 (full 3):
 PSYoungGen      total 253952K, used 231936K [0x00000000e0000000, 0x00000000f3980000, 0x0000000100000000)
  eden space 231936K, 100% used [0x00000000e0000000,0x00000000ee280000,0x00000000ee280000)
  from space 22016K, 0% used [0x00000000ef880000,0x00000000ef880000,0x00000000f0e00000)
  to   space 22528K, 0% used [0x00000000ee280000,0x00000000ee280000,0x00000000ef880000)
 ParOldGen       total 99328K, used 35428K [0x00000000a0000000, 0x00000000a6100000, 0x00000000e0000000)
  object space 99328K, 35% used [0x00000000a0000000,0x00000000a22992e8,0x00000000a6100000)
 Metaspace       used 64351K, capacity 68336K, committed 68504K, reserved 1107968K
  class space    used 8906K, capacity 9634K, committed 9648K, reserved 1048576K
Event: 7.876 GC heap after
Heap after GC invocations=16 (full 3):
 PSYoungGen      total 254464K, used 20223K [0x00000000e0000000, 0x00000000f8400000, 0x0000000100000000)
  eden space 231936K, 0% used [0x00000000e0000000,0x00000000e0000000,0x00000000ee280000)
  from space 22528K, 89% used [0x00000000ee280000,0x00000000ef63fe68,0x00000000ef880000)
  to   space 25600K, 0% used [0x00000000f6b00000,0x00000000f6b00000,0x00000000f8400000)
 ParOldGen       total 99328K, used 35436K [0x00000000a0000000, 0x00000000a6100000, 0x00000000e0000000)
  object space 99328K, 35% used [0x00000000a0000000,0x00000000a229b2e8,0x00000000a6100000)
 Metaspace       used 64351K, capacity 68336K, committed 68504K, reserved 1107968K
  class space    used 8906K, capacity 9634K, committed 9648K, reserved 1048576K
}

